[2023-03-19 12:07:40] [WARNING]: 登录需要滑条验证码, 请验证后重试. 
[2023-03-19 12:07:40] [WARNING]: 请选择提交滑块ticket方式: 
[2023-03-19 12:07:40] [WARNING]: 1. 自动提交 
[2023-03-19 12:07:40] [WARNING]: 2. 手动抓取提交 
[2023-03-19 12:07:40] [WARNING]: 请输入(1 - 2)： 
[2023-03-19 12:10:05] [WARNING]: 请前往该地址验证 -> https://ssl.captcha.qq.com/template/wireless_mqq_captcha.html?style=simple&aid=16&uin=190645171&sid=3046514673753426571&cap_cd=wk2kqKM0v6cNRG1zQu5wZJ9EThHC8ex_sTTRuvp2UyyOXX8hIj80Pw**&clientype=1&apptype=2  
[2023-03-19 12:10:05] [WARNING]: 请输入ticket： (Enter 提交) 
[2023-03-19 12:10:26] [WARNING]: 登录失败: 当前网络不稳定，登录失败。推荐使用常用设备或通过手机号登录。 Code: 237 
[2023-03-19 12:10:42] [WARNING]: 登录需要滑条验证码, 请验证后重试. 
[2023-03-19 12:10:42] [WARNING]: 请选择提交滑块ticket方式: 
[2023-03-19 12:10:42] [WARNING]: 1. 自动提交 
[2023-03-19 12:10:42] [WARNING]: 2. 手动抓取提交 
[2023-03-19 12:10:42] [WARNING]: 请输入(1 - 2)： 
[2023-03-19 12:11:06] [WARNING]: 请前往该地址验证 -> https://captcha.go-cqhttp.org/captcha?id=GKcCgHqH&style=simple&aid=16&uin=190645171&sid=3315371783872744257&cap_cd=brNjaP-2qq-HWfeFa_EjhLjdvX1LNyP0OyYGgzYMG-mQm1t1WT8xlQ**&clientype=1&apptype=2  
[2023-03-19 12:11:19] [WARNING]: 账号已开启设备锁，请选择验证方式: 
[2023-03-19 12:11:19] [WARNING]: 1. 向手机 152*******4 发送短信验证码 
[2023-03-19 12:11:19] [WARNING]: 2. 使用手机QQ扫码验证. 
[2023-03-19 12:11:19] [WARNING]: 请输入(1 - 2)： 
[2023-03-19 12:11:19] [WARNING]: 未检测到输入终端，自动选择2. 
[2023-03-19 12:11:19] [WARNING]: 账号已开启设备锁，请前往 -> https://accounts.qq.com/safe/verify?_wv=2&_wwv=128&envfrom=double-check&uin=190645171&sig=k3PQRuGt4v17JCnMjcxgdGW%2Bug7obUvk3zEXd8lB%2FX1UFm8HryxHDhwk1bz7cDCPJgcFTKNApNDURKrVpGlc5m2AwNB3x2cJ8tYch7kO5Ic%3D <- 验证后重启Bot. 
[2023-03-19 12:11:28] [WARNING]: 登录需要滑条验证码, 请验证后重试. 
[2023-03-19 12:11:28] [WARNING]: 请选择提交滑块ticket方式: 
[2023-03-19 12:11:28] [WARNING]: 1. 自动提交 
[2023-03-19 12:11:28] [WARNING]: 2. 手动抓取提交 
[2023-03-19 12:11:28] [WARNING]: 请输入(1 - 2)： 
[2023-03-19 12:11:34] [WARNING]: 请前往该地址验证 -> https://captcha.go-cqhttp.org/captcha?id=o6yozHB9&style=simple&aid=16&uin=190645171&sid=9161203941702536047&cap_cd=GX1Z2OGHYUFLuK5_sLOHHBRcBniLlxDGAW8Bxn9p0KBN9b1zUxqgXQ**&clientype=1&apptype=2  
[2023-03-19 12:11:45] [WARNING]: 账号已开启设备锁，请选择验证方式: 
[2023-03-19 12:11:45] [WARNING]: 1. 向手机 152*******4 发送短信验证码 
[2023-03-19 12:11:45] [WARNING]: 2. 使用手机QQ扫码验证. 
[2023-03-19 12:11:45] [WARNING]: 请输入(1 - 2)： 
[2023-03-19 12:11:45] [WARNING]: 未检测到输入终端，自动选择2. 
[2023-03-19 12:11:45] [WARNING]: 账号已开启设备锁，请前往 -> https://accounts.qq.com/safe/verify?_wv=2&_wwv=128&envfrom=double-check&uin=190645171&sig=HYM2KlAwKoI47VVwumuNpCuf%2BGT%2BXil4fbvmDdCAI3mLldldhPxp4T%2B2wx%2FuECPp0Nvir79J8GTuwRkEajGxad93gLiqjt%2BZbauM3BSRKok%3D <- 验证后重启Bot. 
[2023-03-19 12:11:55] [WARNING]: 登录需要滑条验证码, 请验证后重试. 
[2023-03-19 12:11:55] [WARNING]: 请选择提交滑块ticket方式: 
[2023-03-19 12:11:55] [WARNING]: 1. 自动提交 
[2023-03-19 12:11:55] [WARNING]: 2. 手动抓取提交 
[2023-03-19 12:11:55] [WARNING]: 请输入(1 - 2)： 
[2023-03-19 12:13:35] [WARNING]: 登录需要滑条验证码, 请验证后重试. 
[2023-03-19 12:13:35] [WARNING]: 请选择提交滑块ticket方式: 
[2023-03-19 12:13:35] [WARNING]: 1. 自动提交 
[2023-03-19 12:13:35] [WARNING]: 2. 手动抓取提交 
[2023-03-19 12:13:35] [WARNING]: 请输入(1 - 2)： 
[2023-03-19 12:13:45] [WARNING]: 请前往该地址验证 -> https://captcha.go-cqhttp.org/captcha?id=l6vZ0B2F&style=simple&aid=16&uin=190645171&sid=6435778336027741166&cap_cd=BuT_LwPh7vKSAfcC-IsxS9DdaCCNXTq8U9Y2ebzX4htxxYEnajOM0A**&clientype=1&apptype=2  
[2023-03-19 12:14:01] [WARNING]: 账号已开启设备锁，请选择验证方式: 
[2023-03-19 12:14:01] [WARNING]: 1. 向手机 152*******4 发送短信验证码 
[2023-03-19 12:14:01] [WARNING]: 2. 使用手机QQ扫码验证. 
[2023-03-19 12:14:01] [WARNING]: 请输入(1 - 2)： 
[2023-03-19 12:14:01] [WARNING]: 未检测到输入终端，自动选择2. 
[2023-03-19 12:14:01] [WARNING]: 账号已开启设备锁，请前往 -> https://accounts.qq.com/safe/verify?_wv=2&_wwv=128&envfrom=double-check&uin=190645171&sig=2NkX0OwFuhlTZ%2BiQ%2FSa6FZ46pIhx62rf%2BOVhCiz%2BjjgM4WwYzvrUjex1tyqJQVUwigc%2FXwu9mfk4dMrVQ1Wl9qEj61fjay9tUvEUkhNGWSY%3D <- 验证后重启Bot. 
[2023-03-19 12:14:16] [WARNING]: 登录需要滑条验证码, 请验证后重试. 
[2023-03-19 12:14:16] [WARNING]: 请选择提交滑块ticket方式: 
[2023-03-19 12:14:16] [WARNING]: 1. 自动提交 
[2023-03-19 12:14:16] [WARNING]: 2. 手动抓取提交 
[2023-03-19 12:14:16] [WARNING]: 请输入(1 - 2)： 
[2023-03-19 12:15:13] [WARNING]: Protocol -> device lock is disable. http api may fail. 
[2023-03-19 12:35:14] [WARNING]: Protocol -> device lock is disable. http api may fail. 
[2023-03-19 12:37:20] [WARNING]: Protocol -> device lock is disable. http api may fail. 
[2023-03-19 12:46:35] [WARNING]: Protocol -> device lock is disable. http api may fail. 
[2023-03-19 12:54:58] [ERROR]: Protocol -> unexpected disconnect: read tcp 192.168.0.102:7619->111.31.205.233:8080: wsarecv: A connection attempt failed because the connected party did not properly respond after a period of time, or established connection failed because connected host has failed to respond. 
[2023-03-19 12:58:24] [WARNING]: 获取消息时出现错误: get value error: leveldb: not found 
